\BOOKMARK [1][-]{section.1}{Basic\040Information}{}% 1
\BOOKMARK [1][-]{section.2}{Background\040and\040Motivation}{}% 2
\BOOKMARK [1][-]{section.3}{Project\040Objectives}{}% 3
\BOOKMARK [1][-]{section.4}{Data}{}% 4
\BOOKMARK [1][-]{section.5}{Data\040Processing}{}% 5
\BOOKMARK [2][-]{subsection.5.1}{Geography\040data}{section.5}% 6
\BOOKMARK [2][-]{subsection.5.2}{Airport\040data}{section.5}% 7
\BOOKMARK [2][-]{subsection.5.3}{Flight\040operation\040data}{section.5}% 8
\BOOKMARK [1][-]{section.6}{Visualization\040Design}{}% 9
\BOOKMARK [1][-]{section.7}{Must-Have\040Features}{}% 10
\BOOKMARK [2][-]{subsection.7.1}{Connections\040between\040airports}{section.7}% 11
\BOOKMARK [2][-]{subsection.7.2}{statistical\040charts}{section.7}% 12
\BOOKMARK [1][-]{section.8}{Optional\040Features}{}% 13
\BOOKMARK [2][-]{subsection.8.1}{Narrative\040Visualization}{section.8}% 14
\BOOKMARK [2][-]{subsection.8.2}{Dynamic\040Effects}{section.8}% 15
\BOOKMARK [2][-]{subsection.8.3}{Mishandled-Baggage\040Rate,\040Denied\040Boarding\040Rate\040&\040Consumer\040Complains}{section.8}% 16
\BOOKMARK [2][-]{subsection.8.4}{Tips\040for\040the\040Airport}{section.8}% 17
\BOOKMARK [2][-]{subsection.8.5}{Airport\040Points\040Map}{section.8}% 18
\BOOKMARK [2][-]{subsection.8.6}{Map\040Zooming\040with\040brush}{section.8}% 19
\BOOKMARK [1][-]{section.9}{Project\040Schedule}{}% 20
